make all --print-data-base --no-builtin-variables --no-builtin-rules --question
make: *** No rule to make target 'all'.  Stop.

# GNU Make 4.3
 
# Built for x86_64-pc-linux-gnu
 
# Copyright (C) 1988-2020 Free Software Foundation, Inc.
 
# License GPLv3+: GNU GPL version 3 or later <http://gnu.org/licenses/gpl.html>
 
# This is free software: you are free to change and redistribute it.
 
# There is NO WARRANTY, to the extent permitted by law.
 

 
# Make data base, printed on Tue Oct 25 22:27:21 2022
 

# Variables
 

 
# environment
 
GDK_BACKEND = x11
 
# environment
 
LC_ALL = C
 
# environment
 
NO_AT_BRIDGE = 1
 
# environment
 
LC_NAME = pt_PT.UTF-8
 
# environment
 
LC_NUMERIC = pt_PT.UTF-8
# environment
VSCODE_CWD = /home/josepedro02/LI3/src
# environment
LC_ADDRESS = pt_PT.UTF-8
# environment
GDM_LANG = pt_PT.utf8
# default
MAKE_COMMAND := make
# environment
 
GTK3_MODULES = xapp-gtk3-module:xapp-gtk3-module
# automatic
@D = $(patsubst %/,%,$(dir $@))
# environment
VSCODE_HANDLES_UNCAUGHT_ERRORS = true
# default
.VARIABLES := 
# environment
PWD = /home/josepedro02/LI3/src
# automatic
%D = $(patsubst %/,%,$(dir $%))
# environment
MAIL = /var/spool/mail/josepedro02
# environment
XDG_DATA_DIRS = /home/josepedro02/.local/share/flatpak/exports/share:/var/lib/flatpak/exports/share:/usr/local/share:/usr/share:/var/lib/snapd/desktop:/usr/share
# automatic
^D = $(patsubst %/,%,$(dir $^))
# automatic
%F = $(notdir $%)
# environment
VSCODE_CODE_CACHE_PATH = /home/josepedro02/.config/Code/CachedData/d045a5eda657f4d7b676dedbfa7aab8207f8a075
# environment
XDG_SESSION_PATH = /org/freedesktop/DisplayManager/Session0
# environment
LANG = C
# environment
XAUTHORITY = /home/josepedro02/.Xauthority
# default
.LOADED := 
# default
.INCLUDE_DIRS = /usr/include /usr/local/include /usr/include
# makefile
MAKEFLAGS = pqrR
# makefile
 
CURDIR := /home/josepedro02/LI3/src
# environment
APPLICATION_INSIGHTS_NO_DIAGNOSTIC_CHANNEL = 1
# automatic
*D = $(patsubst %/,%,$(dir $*))
# environment
MFLAGS = -pqrR
# environment
SSH_AUTH_SOCK = /tmp/ssh-XXXXXX8frWHd/agent.899
# default
.SHELLFLAGS := -c
# environment
HISTSIZE = 1000000000
# environment
XDG_CONFIG_DIRS = /etc/xdg
# automatic
+D = $(patsubst %/,%,$(dir $+))
# environment
XDG_SESSION_DESKTOP = xfce
# makefile (from 'makefile', line 1)
MAKEFILE_LIST := makefile
# automatic
@F = $(notdir $@)
# environment
VSCODE_PID = 13058
# environment
XDG_SESSION_TYPE = x11
# automatic
?D = $(patsubst %/,%,$(dir $?))
# environment
SESSION_MANAGER = local/josepedro-laptop:@/tmp/.ICE-unix/848,unix/josepedro-laptop:/tmp/.ICE-unix/848
# automatic
*F = $(notdir $*)
# environment
QT_QPA_PLATFORMTHEME = qt5ct
# environment
CHROME_DESKTOP = code-url-handler.desktop
# environment
DBUS_SESSION_BUS_ADDRESS = unix:path=/run/user/1000/bus
# automatic
<D = $(patsubst %/,%,$(dir $<))
# environment
QT_SCALE_FACTOR = 1
# environment
VSCODE_NLS_CONFIG = {"locale":"pt-pt","availableLanguages":{},"_languagePackSupport":true}
# environment
HISTFILESIZE = 1000000000
# default
MAKE_HOST := x86_64-pc-linux-gnu
# makefile
SHELL = /bin/sh
# default
MAKECMDGOALS := all
# environment
SHLVL = 1
# environment
MAKELEVEL := 0
# default
MAKE = $(MAKE_COMMAND)
# environment
PATH = /home/josepedro02/.local/bin:/usr/local/bin:/usr/bin:/bin:/usr/local/sbin:/usr/lib/jvm/default/bin:/usr/bin/site_perl:/usr/bin/vendor_perl:/usr/bin/core_perl:/var/lib/snapd/snap/bin
# default
MAKEFILES := 
# environment
LC_MONETARY = pt_PT.UTF-8
# environment
MOTD_SHOWN = pam
# automatic
^F = $(notdir $^)
# environment
LC_TIME = pt_PT.UTF-8
# environment
LC_TELEPHONE = pt_PT.UTF-8
# automatic
?F = $(notdir $?)
# environment
XDG_SEAT = seat0
# environment
XDG_CURRENT_DESKTOP = XFCE
# automatic
+F = $(notdir $+)
# environment
XDG_SEAT_PATH = /org/freedesktop/DisplayManager/Seat0
# environment
DESKTOP_SESSION = xfce
# environment
ORIGINAL_XDG_CURRENT_DESKTOP = XFCE
# 'override' directive
GNUMAKEFLAGS := 
# environment
BROWSER = /usr/bin/firefox-developer-edition
# environment
LOGNAME = josepedro02
# environment
GIO_LAUNCHED_DESKTOP_FILE = /usr/share/applications/visual-studio-code.desktop
# environment
XDG_VTNR = 7
# makefile
.DEFAULT_GOAL := Fase1
# environment
EDITOR = /usr/bin/nvim
# environment
DISPLAY = :0
# environment
GTK_MODULES = canberra-gtk-module:canberra-gtk-module
# environment
USER = josepedro02
# default
MAKE_VERSION := 4.3
# environment
LC_MEASUREMENT = pt_PT.UTF-8
# environment
GIO_LAUNCHED_DESKTOP_FILE_PID = 13041
# environment
SSH_AGENT_PID = 900
# environment
_ = /usr/bin/make
# environment
LC_PAPER = pt_PT.UTF-8
# environment
XDG_RUNTIME_DIR = /run/user/1000
# makefile (from 'makefile', line 2)
CFLAGS = -Wall -Wextra -pedantic -std=c11
# environment
XDG_SESSION_CLASS = user
# environment
VSCODE_AMD_ENTRYPOINT = vs/workbench/api/node/extensionHostProcess
# environment
GTK2_RC_FILES = /home/josepedro02/.gtkrc-2.0
# environment
HOME = /home/josepedro02
# environment
ELECTRON_RUN_AS_NODE = 1
# environment
VSCODE_IPC_HOOK = /run/user/1000/vscode-dc936c31-1.72.2-main.sock
# environment
TERM = /usr/bin/termite
# environment
XDG_SESSION_ID = 2
# default
.RECIPEPREFIX := 
# automatic
<F = $(notdir $<)
# default
SUFFIXES := 
# environment
VSCODE_CLI = 1
# environment
ELECTRON_NO_ATTACH_CONSOLE = 1
 
# environment
XDG_GREETER_DATA_DIR = /var/lib/lightdm-data/josepedro02
# default
.FEATURES := target-specific order-only second-expansion else-if shortest-stem undefine oneshell nocomment grouped-target extra-prereqs archives jobserver output-sync check-symlink guile load
# environment
XDG_MENU_PREFIX = xfce-
# environment
GDMSESSION = xfce
# environment
LC_IDENTIFICATION = pt_PT.UTF-8
# variable set hash-table stats:
# Load=106/1024=10%, Rehash=0, Collisions=6/136=4%

# Pattern-specific Variable Values

# No pattern-specific variable values.

# Directories

# . (device 45826, inode 1287064): 17 files, no impossibilities.

# 17 files, no impossibilities in 1 directories.

# Implicit Rules

# No implicit rules.

# Files

parse.o: parse.c
#  Implicit rule search has not been done.
#  Modification time never checked.
#  File has not been updated.
#  recipe to execute (from 'makefile', line 12):
	gcc $(CFLAGS) -c $^ 

HashTables_for_names.o: HashTables_for_names.c
#  Implicit rule search has not been done.
#  Modification time never checked.
#  File has not been updated.
#  recipe to execute (from 'makefile', line 15):
	gcc $(CFLAGS) -c $^

# Not a target:
 
HashTables_for_names.c:
#  Implicit rule search has not been done.
#  Modification time never checked.
#  File has not been updated.

Fase1: main.o parse.o HashTables_for_names.o
#  Implicit rule search has not been done.
#  Modification time never checked.
#  File has not been updated.
#  recipe to execute (from 'makefile', line 5):
	gcc $(CFLAGS) $^ -o Fase1 -lm
	rm main.o parse.o HashTables_for_names.o

# Not a target:
.DEFAULT:
#  Implicit rule search has not been done.
#  Modification time never checked.
#  File has not been updated.

# Not a target:
all:
#  Command line target.
#  Implicit rule search has been done.
#  File does not exist.
#  File has not been updated.

# Not a target:
main.c:
#  Implicit rule search has not been done.
#  Modification time never checked.
#  File has not been updated.

main.o: main.c
#  Implicit rule search has not been done.
#  Modification time never checked.
#  File has not been updated.
#  recipe to execute (from 'makefile', line 9):
	gcc $(CFLAGS) -c $^

# Not a target:
makefile:
#  Implicit rule search has been done.
#  Last modified 2022-10-21 14:13:20.43034186
#  File has been updated.
#  Successfully updated.

# Not a target:
parse.c:
#  Implicit rule search has not been done.
#  Modification time never checked.
#  File has not been updated.

# files hash-table stats:
# Load=11/1024=1%, Rehash=0, Collisions=0/30=0%
# VPATH Search Paths

# No 'vpath' search paths.

# No general ('VPATH' variable) search path.

# strcache buffers: 1 (0) / strings = 26 / storage = 254 B / avg = 9 B
# current buf: size = 8162 B / used = 254 B / count = 26 / avg = 9 B

# strcache performance: lookups = 40 / hit rate = 35%
# hash-table stats:
# Load=26/8192=0%, Rehash=0, Collisions=0/40=0%
# Finished Make data base on Tue Oct 25 22:27:21 2022

 
